This is LuaHBTeX, Version 1.17.0 (TeX Live 2023/Arch Linux)  (format=lualatex 2023.7.17)  1 AUG 2023 21:45
 restricted system commands enabled.
 file:line:error style messages enabled.
**/home/kiwi/Documents/Uni/math-340/a1/m340a1.tex
(/home/kiwi/Documents/Uni/math-340/a1/m340a1.tex
LaTeX2e <2022-11-01> patch level 1
Lua module: luaotfload 2022-10-03 3.23 Lua based OpenType font support
Lua module: lualibs 2022-10-04 2.75 ConTeXt Lua standard libraries.
Lua module: lualibs-extended 2022-10-04 2.75 ConTeXt Lua libraries -- extended collection.
luaotfload | conf : Root cache directory is "/home/kiwi/.texlive/texmf-var/luatex-cache/generic/names".
luaotfload | init : Loading fontloader "fontloader-2022-10-03.lua" from kpse-resolved path "/usr/share/texmf-dist/tex/luatex/luaotfload/fontloader-2022-10-03.lua".
Lua-only attribute luaotfload@noligature = 1
luaotfload | init : Context OpenType loader version 3.120
Inserting `luaotfload.node_processor' in `pre_linebreak_filter'.
Inserting `luaotfload.node_processor' in `hpack_filter'.
Inserting `luaotfload.glyph_stream' in `glyph_stream_provider'.
Inserting `luaotfload.define_font' in `define_font'.
Lua-only attribute luaotfload_color_attribute = 2
luaotfload | conf : Root cache directory is "/home/kiwi/.texlive/texmf-var/luatex-cache/generic/names".
Inserting `luaotfload.harf.strip_prefix' in `find_opentype_file'.
Inserting `luaotfload.harf.strip_prefix' in `find_truetype_file'.
Removing  `luaotfload.glyph_stream' from `glyph_stream_provider'.
Inserting `luaotfload.harf.glyphstream' in `glyph_stream_provider'.
Inserting `luaotfload.harf.finalize_vlist' in `post_linebreak_filter'.
Inserting `luaotfload.harf.finalize_hlist' in `hpack_filter'.
Inserting `luaotfload.cleanup_files' in `wrapup_run'.
Inserting `luaotfload.harf.finalize_unicode' in `finish_pdffile'.
Inserting `luaotfload.glyphinfo' in `glyph_info'.
Lua-only attribute luaotfload.letterspace_done = 3
Inserting `luaotfload.aux.set_sscale_dimens' in `luaotfload.patch_font'.
Inserting `luaotfload.aux.set_font_index' in `luaotfload.patch_font'.
Inserting `luaotfload.aux.patch_cambria_domh' in `luaotfload.patch_font'.
Inserting `luaotfload.aux.fixup_fontdata' in `luaotfload.patch_font_unsafe'.
Inserting `luaotfload.aux.set_capheight' in `luaotfload.patch_font'.
Inserting `luaotfload.aux.set_xheight' in `luaotfload.patch_font'.
Inserting `luaotfload.rewrite_fontname' in `luaotfload.patch_font'. L3 programming layer <2023-02-22>
Inserting `tracingstacklevels' in `input_level_string'. (/usr/share/texmf-dist/tex/latex/base/article.cls
Document Class: article 2022/07/02 v1.4n Standard LaTeX document class
(/usr/share/texmf-dist/tex/latex/base/size11.clo
File: size11.clo 2022/07/02 v1.4n Standard LaTeX file (size option)
luaotfload | db : Font names database loaded from /home/kiwi/.texlive/texmf-var/luatex-cache/generic/names/luaotfload-names.luc.gz)
\c@part=\count183
\c@section=\count184
\c@subsection=\count185
\c@subsubsection=\count186
\c@paragraph=\count187
\c@subparagraph=\count188
\c@figure=\count189
\c@table=\count190
\abovecaptionskip=\skip48
\belowcaptionskip=\skip49
\bibindent=\dimen139
) (/usr/share/texmf-dist/tex/latex/opensans/opensans.sty
Package: opensans 2019/06/20 Style file for Open Sans.
 (/usr/share/texmf-dist/tex/latex/fontaxes/fontaxes.sty
Package: fontaxes 2020/07/21 v1.0e Font selection axes
LaTeX Info: Redefining \upshape on input line 29.
LaTeX Info: Redefining \itshape on input line 31.
LaTeX Info: Redefining \slshape on input line 33.
LaTeX Info: Redefining \swshape on input line 35.
LaTeX Info: Redefining \scshape on input line 37.
LaTeX Info: Redefining \sscshape on input line 39.
LaTeX Info: Redefining \ulcshape on input line 41.
LaTeX Info: Redefining \textsw on input line 47.
LaTeX Info: Redefining \textssc on input line 48.
LaTeX Info: Redefining \textulc on input line 49.
) (/usr/share/texmf-dist/tex/generic/iftex/ifluatex.sty
Package: ifluatex 2019/10/25 v1.5 ifluatex legacy package. Use iftex instead.
 (/usr/share/texmf-dist/tex/generic/iftex/iftex.sty
Package: iftex 2022/02/03 v1.0f TeX engine tests
)) (/usr/share/texmf-dist/tex/generic/iftex/ifxetex.sty
Package: ifxetex 2019/10/25 v0.7 ifxetex legacy package. Use iftex instead.
) (/usr/share/texmf-dist/tex/latex/xkeyval/xkeyval.sty
Package: xkeyval 2022/06/16 v2.9 package option processing (HA)
 (/usr/share/texmf-dist/tex/generic/xkeyval/xkeyval.tex (/usr/share/texmf-dist/tex/generic/xkeyval/xkvutils.tex
\XKV@toks=\toks16
\XKV@tempa@toks=\toks17
 (/usr/share/texmf-dist/tex/generic/xkeyval/keyval.tex))
\XKV@depth=\count191
File: xkeyval.tex 2014/12/03 v2.7a key=value parser (HA)
)) (/usr/share/texmf-dist/tex/latex/fontspec/fontspec.sty (/usr/share/texmf-dist/tex/latex/l3packages/xparse/xparse.sty (/usr/share/texmf-dist/tex/latex/l3kernel/expl3.sty
Package: expl3 2023-02-22 L3 programming layer (loader) 
 (/usr/share/texmf-dist/tex/latex/l3backend/l3backend-luatex.def
File: l3backend-luatex.def 2023-01-16 L3 backend support: PDF output (LuaTeX)
\l__color_backend_stack_int=\count192
\l__pdf_internal_box=\box51
))
Package: xparse 2023-02-02 L3 Experimental document command parser
)
Package: fontspec 2022/01/15 v2.8a Font selection for XeLaTeX and LuaLaTeX
Lua module: fontspec 2022/01/15 2.8a Font selection for XeLaTeX and LuaLaTeX (/usr/share/texmf-dist/tex/latex/fontspec/fontspec-luatex.sty
Package: fontspec-luatex 2022/01/15 v2.8a Font selection for XeLaTeX and LuaLaTeX
\l__fontspec_script_int=\count193
\l__fontspec_language_int=\count194
\l__fontspec_strnum_int=\count195
\l__fontspec_tmp_int=\count196
\l__fontspec_tmpa_int=\count197
\l__fontspec_tmpb_int=\count198
\l__fontspec_tmpc_int=\count199
\l__fontspec_em_int=\count266
\l__fontspec_emdef_int=\count267
\l__fontspec_strong_int=\count268
\l__fontspec_strongdef_int=\count269
\l__fontspec_tmpa_dim=\dimen140
\l__fontspec_tmpb_dim=\dimen141
\l__fontspec_tmpc_dim=\dimen142
 (/usr/share/texmf-dist/tex/latex/base/fontenc.sty
Package: fontenc 2021/04/29 v2.0v Standard LaTeX package
) (/usr/share/texmf-dist/tex/latex/fontspec/fontspec.cfg)))
luaotfload | aux : font no 19 (nil) does not define feature smcp for script latn with language dflt
luaotfload | aux : font no 20 (nil) does not define feature smcp for script latn with language dflt
luaotfload | aux : font no 21 (nil) does not define feature smcp for script latn with language dflt
luaotfload | aux : font no 22 (nil) does not define feature smcp for script latn with language dflt
luaotfload | aux : font no 23 (nil) does not define feature smcp for script latn with language dflt
luaotfload | aux : font no 24 (nil) does not define feature smcp for script latn with language dflt
luaotfload | aux : font no 25 (nil) does not define feature smcp for script latn with language dflt
luaotfload | aux : font no 26 (nil) does not define feature smcp for script latn with language dflt
luaotfload | aux : font no 27 (nil) does not define feature smcp for script latn with language dflt
luaotfload | aux : font no 28 (nil) does not define feature smcp for script latn with language dflt
luaotfload | aux : font no 29 (nil) does not define feature smcp for script latn with language dflt
luaotfload | aux : font no 30 (nil) does not define feature smcp for script latn with language dflt
luaotfload | aux : font no 31 (nil) does not define feature smcp for script latn with language dflt

Package fontspec Info: Font family 'opensans-TLF' created for font 'OpenSans'
(fontspec)             with options
(fontspec)             [Extension=.ttf,Ligatures={TeX,Common},Scale=1,FontFace={l}{n}{*-Light},FontFace={l}{it}{*-LightItalic},FontFace={lc}{n}{*Condensed-Light},FontFace={lc}{it}{*Condensed-LightItalic},UprightFont={*-Regular},ItalicFont={*-Italic},FontFace={sb}{n}{*-SemiBold},FontFace={sb}{it}{*-SemiBoldItalic},FontFace={b}{n}{*-Bold},FontFace={b}{it}{*-BoldItalic},BoldFont={*-Bold},BoldItalicFont={*-BoldItalic},FontFace={bc}{n}{*Condensed-Bold},FontFace={eb}{n}{*-ExtraBold},FontFace={eb}{it}{*-ExtraBoldItalic},Numbers={Monospaced,Lining},NFSSFamily=opensans-TLF].
(fontspec)              
(fontspec)              This font family consists of the following NFSS
(fontspec)             series/shapes:
(fontspec)              
(fontspec)             - (l/n) with NFSS spec.:
(fontspec)             <->s*[1]"[OpenSans-Light.ttf]:mode=node;script=latn;language=dflt;+tlig;+liga;+tnum;+lnum;"
(fontspec)             -  (l/sc) with NFSS spec.: 
(fontspec)             - (l/it) with NFSS spec.:
(fontspec)             <->s*[1]"[OpenSans-LightItalic.ttf]:mode=node;script=latn;language=dflt;+tlig;+liga;+tnum;+lnum;"
(fontspec)             -  (l/scit) with NFSS spec.: 
(fontspec)             - (lc/n) with NFSS spec.:
(fontspec)             <->s*[1]"[OpenSansCondensed-Light.ttf]:mode=node;script=latn;language=dflt;+tlig;+liga;+tnum;+lnum;"
(fontspec)             -  (lc/sc) with NFSS spec.: 
(fontspec)             - (lc/it) with NFSS spec.:
(fontspec)             <->s*[1]"[OpenSansCondensed-LightItalic.ttf]:mode=node;script=latn;language=dflt;+tlig;+liga;+tnum;+lnum;"
(fontspec)             -  (lc/scit) with NFSS spec.: 
(fontspec)             - (sb/n) with NFSS spec.:
(fontspec)             <->s*[1]"[OpenSans-SemiBold.ttf]:mode=node;script=latn;language=dflt;+tlig;+liga;+tnum;+lnum;"
(fontspec)             -  (sb/sc) with NFSS spec.: 
(fontspec)             - (sb/it) with NFSS spec.:
(fontspec)             <->s*[1]"[OpenSans-SemiBoldItalic.ttf]:mode=node;script=latn;language=dflt;+tlig;+liga;+tnum;+lnum;"
(fontspec)             -  (sb/scit) with NFSS spec.: 
(fontspec)             - 'bold' (b/n) with NFSS spec.:
(fontspec)             <->s*[1]"[OpenSans-Bold.ttf]:mode=node;script=latn;language=dflt;+tlig;+liga;+tnum;+lnum;"
(fontspec)             - 'bold small caps'  (b/sc) with NFSS spec.: 
(fontspec)             - 'bold italic' (b/it) with NFSS spec.:
(fontspec)             <->s*[1]"[OpenSans-BoldItalic.ttf]:mode=node;script=latn;language=dflt;+tlig;+liga;+tnum;+lnum;"
(fontspec)             - 'bold italic small caps'  (b/scit) with NFSS spec.: 
(fontspec)             - (bc/n) with NFSS spec.:
(fontspec)             <->s*[1]"[OpenSansCondensed-Bold.ttf]:mode=node;script=latn;language=dflt;+tlig;+liga;+tnum;+lnum;"
(fontspec)             -  (bc/sc) with NFSS spec.: 
(fontspec)             - (eb/n) with NFSS spec.:
(fontspec)             <->s*[1]"[OpenSans-ExtraBold.ttf]:mode=node;script=latn;language=dflt;+tlig;+liga;+tnum;+lnum;"
(fontspec)             -  (eb/sc) with NFSS spec.: 
(fontspec)             - (eb/it) with NFSS spec.:
(fontspec)             <->s*[1]"[OpenSans-ExtraBoldItalic.ttf]:mode=node;script=latn;language=dflt;+tlig;+liga;+tnum;+lnum;"
(fontspec)             -  (eb/scit) with NFSS spec.: 
(fontspec)             - 'normal' (m/n) with NFSS spec.:
(fontspec)             <->s*[1]"[OpenSans-Regular.ttf]:mode=node;script=latn;language=dflt;+tlig;+liga;+tnum;+lnum;"
(fontspec)             - 'small caps'  (m/sc) with NFSS spec.: 
(fontspec)             - 'italic' (m/it) with NFSS spec.:
(fontspec)             <->s*[1]"[OpenSans-Italic.ttf]:mode=node;script=latn;language=dflt;+tlig;+liga;+tnum;+lnum;"
(fontspec)             - 'italic small caps'  (m/scit) with NFSS spec.: 

luaotfload | aux : font no 19 (nil) does not define feature smcp for script latn with language dflt
luaotfload | aux : font no 20 (nil) does not define feature smcp for script latn with language dflt
luaotfload | aux : font no 21 (nil) does not define feature smcp for script latn with language dflt
luaotfload | aux : font no 22 (nil) does not define feature smcp for script latn with language dflt
luaotfload | aux : font no 23 (nil) does not define feature smcp for script latn with language dflt
luaotfload | aux : font no 24 (nil) does not define feature smcp for script latn with language dflt
luaotfload | aux : font no 25 (nil) does not define feature smcp for script latn with language dflt
luaotfload | aux : font no 26 (nil) does not define feature smcp for script latn with language dflt
luaotfload | aux : font no 27 (nil) does not define feature smcp for script latn with language dflt
luaotfload | aux : font no 28 (nil) does not define feature smcp for script latn with language dflt
luaotfload | aux : font no 29 (nil) does not define feature smcp for script latn with language dflt
luaotfload | aux : font no 30 (nil) does not define feature smcp for script latn with language dflt
luaotfload | aux : font no 31 (nil) does not define feature smcp for script latn with language dflt

Package fontspec Info: Font family 'opensans-LF' created for font 'OpenSans'
(fontspec)             with options
(fontspec)             [Extension=.ttf,Ligatures={TeX,Common},Scale=1,FontFace={l}{n}{*-Light},FontFace={l}{it}{*-LightItalic},FontFace={lc}{n}{*Condensed-Light},FontFace={lc}{it}{*Condensed-LightItalic},UprightFont={*-Regular},ItalicFont={*-Italic},FontFace={sb}{n}{*-SemiBold},FontFace={sb}{it}{*-SemiBoldItalic},FontFace={b}{n}{*-Bold},FontFace={b}{it}{*-BoldItalic},BoldFont={*-Bold},BoldItalicFont={*-BoldItalic},FontFace={bc}{n}{*Condensed-Bold},FontFace={eb}{n}{*-ExtraBold},FontFace={eb}{it}{*-ExtraBoldItalic},Numbers={Proportional,Lining},NFSSFamily=opensans-LF].
(fontspec)              
(fontspec)              This font family consists of the following NFSS
(fontspec)             series/shapes:
(fontspec)              
(fontspec)             - (l/n) with NFSS spec.:
(fontspec)             <->s*[1]"[OpenSans-Light.ttf]:mode=node;script=latn;language=dflt;+tlig;+liga;+pnum;+lnum;"
(fontspec)             -  (l/sc) with NFSS spec.: 
(fontspec)             - (l/it) with NFSS spec.:
(fontspec)             <->s*[1]"[OpenSans-LightItalic.ttf]:mode=node;script=latn;language=dflt;+tlig;+liga;+pnum;+lnum;"
(fontspec)             -  (l/scit) with NFSS spec.: 
(fontspec)             - (lc/n) with NFSS spec.:
(fontspec)             <->s*[1]"[OpenSansCondensed-Light.ttf]:mode=node;script=latn;language=dflt;+tlig;+liga;+pnum;+lnum;"
(fontspec)             -  (lc/sc) with NFSS spec.: 
(fontspec)             - (lc/it) with NFSS spec.:
(fontspec)             <->s*[1]"[OpenSansCondensed-LightItalic.ttf]:mode=node;script=latn;language=dflt;+tlig;+liga;+pnum;+lnum;"
(fontspec)             -  (lc/scit) with NFSS spec.: 
(fontspec)             - (sb/n) with NFSS spec.:
(fontspec)             <->s*[1]"[OpenSans-SemiBold.ttf]:mode=node;script=latn;language=dflt;+tlig;+liga;+pnum;+lnum;"
(fontspec)             -  (sb/sc) with NFSS spec.: 
(fontspec)             - (sb/it) with NFSS spec.:
(fontspec)             <->s*[1]"[OpenSans-SemiBoldItalic.ttf]:mode=node;script=latn;language=dflt;+tlig;+liga;+pnum;+lnum;"
(fontspec)             -  (sb/scit) with NFSS spec.: 
(fontspec)             - 'bold' (b/n) with NFSS spec.:
(fontspec)             <->s*[1]"[OpenSans-Bold.ttf]:mode=node;script=latn;language=dflt;+tlig;+liga;+pnum;+lnum;"
(fontspec)             - 'bold small caps'  (b/sc) with NFSS spec.: 
(fontspec)             - 'bold italic' (b/it) with NFSS spec.:
(fontspec)             <->s*[1]"[OpenSans-BoldItalic.ttf]:mode=node;script=latn;language=dflt;+tlig;+liga;+pnum;+lnum;"
(fontspec)             - 'bold italic small caps'  (b/scit) with NFSS spec.: 
(fontspec)             - (bc/n) with NFSS spec.:
(fontspec)             <->s*[1]"[OpenSansCondensed-Bold.ttf]:mode=node;script=latn;language=dflt;+tlig;+liga;+pnum;+lnum;"
(fontspec)             -  (bc/sc) with NFSS spec.: 
(fontspec)             - (eb/n) with NFSS spec.:
(fontspec)             <->s*[1]"[OpenSans-ExtraBold.ttf]:mode=node;script=latn;language=dflt;+tlig;+liga;+pnum;+lnum;"
(fontspec)             -  (eb/sc) with NFSS spec.: 
(fontspec)             - (eb/it) with NFSS spec.:
(fontspec)             <->s*[1]"[OpenSans-ExtraBoldItalic.ttf]:mode=node;script=latn;language=dflt;+tlig;+liga;+pnum;+lnum;"
(fontspec)             -  (eb/scit) with NFSS spec.: 
(fontspec)             - 'normal' (m/n) with NFSS spec.:
(fontspec)             <->s*[1]"[OpenSans-Regular.ttf]:mode=node;script=latn;language=dflt;+tlig;+liga;+pnum;+lnum;"
(fontspec)             - 'small caps'  (m/sc) with NFSS spec.: 
(fontspec)             - 'italic' (m/it) with NFSS spec.:
(fontspec)             <->s*[1]"[OpenSans-Italic.ttf]:mode=node;script=latn;language=dflt;+tlig;+liga;+pnum;+lnum;"
(fontspec)             - 'italic small caps'  (m/scit) with NFSS spec.: 

luaotfload | aux : font no 19 (nil) does not define feature smcp for script latn with language dflt
luaotfload | aux : font no 20 (nil) does not define feature smcp for script latn with language dflt
luaotfload | aux : font no 21 (nil) does not define feature smcp for script latn with language dflt
luaotfload | aux : font no 22 (nil) does not define feature smcp for script latn with language dflt
luaotfload | aux : font no 23 (nil) does not define feature smcp for script latn with language dflt
luaotfload | aux : font no 24 (nil) does not define feature smcp for script latn with language dflt
luaotfload | aux : font no 25 (nil) does not define feature smcp for script latn with language dflt
luaotfload | aux : font no 26 (nil) does not define feature smcp for script latn with language dflt
luaotfload | aux : font no 27 (nil) does not define feature smcp for script latn with language dflt
luaotfload | aux : font no 28 (nil) does not define feature smcp for script latn with language dflt
luaotfload | aux : font no 29 (nil) does not define feature smcp for script latn with language dflt
luaotfload | aux : font no 30 (nil) does not define feature smcp for script latn with language dflt
luaotfload | aux : font no 31 (nil) does not define feature smcp for script latn with language dflt

Package fontspec Info: Font family 'opensans-TOsF' created for font 'OpenSans'
(fontspec)             with options
(fontspec)             [Extension=.ttf,Ligatures={TeX,Common},Scale=1,FontFace={l}{n}{*-Light},FontFace={l}{it}{*-LightItalic},FontFace={lc}{n}{*Condensed-Light},FontFace={lc}{it}{*Condensed-LightItalic},UprightFont={*-Regular},ItalicFont={*-Italic},FontFace={sb}{n}{*-SemiBold},FontFace={sb}{it}{*-SemiBoldItalic},FontFace={b}{n}{*-Bold},FontFace={b}{it}{*-BoldItalic},BoldFont={*-Bold},BoldItalicFont={*-BoldItalic},FontFace={bc}{n}{*Condensed-Bold},FontFace={eb}{n}{*-ExtraBold},FontFace={eb}{it}{*-ExtraBoldItalic},Numbers={Monospaced,OldStyle},NFSSFamily=opensans-TOsF].
(fontspec)              
(fontspec)              This font family consists of the following NFSS
(fontspec)             series/shapes:
(fontspec)              
(fontspec)             - (l/n) with NFSS spec.:
(fontspec)             <->s*[1]"[OpenSans-Light.ttf]:mode=node;script=latn;language=dflt;+tlig;+liga;+tnum;+onum;"
(fontspec)             -  (l/sc) with NFSS spec.: 
(fontspec)             - (l/it) with NFSS spec.:
(fontspec)             <->s*[1]"[OpenSans-LightItalic.ttf]:mode=node;script=latn;language=dflt;+tlig;+liga;+tnum;+onum;"
(fontspec)             -  (l/scit) with NFSS spec.: 
(fontspec)             - (lc/n) with NFSS spec.:
(fontspec)             <->s*[1]"[OpenSansCondensed-Light.ttf]:mode=node;script=latn;language=dflt;+tlig;+liga;+tnum;+onum;"
(fontspec)             -  (lc/sc) with NFSS spec.: 
(fontspec)             - (lc/it) with NFSS spec.:
(fontspec)             <->s*[1]"[OpenSansCondensed-LightItalic.ttf]:mode=node;script=latn;language=dflt;+tlig;+liga;+tnum;+onum;"
(fontspec)             -  (lc/scit) with NFSS spec.: 
(fontspec)             - (sb/n) with NFSS spec.:
(fontspec)             <->s*[1]"[OpenSans-SemiBold.ttf]:mode=node;script=latn;language=dflt;+tlig;+liga;+tnum;+onum;"
(fontspec)             -  (sb/sc) with NFSS spec.: 
(fontspec)             - (sb/it) with NFSS spec.:
(fontspec)             <->s*[1]"[OpenSans-SemiBoldItalic.ttf]:mode=node;script=latn;language=dflt;+tlig;+liga;+tnum;+onum;"
(fontspec)             -  (sb/scit) with NFSS spec.: 
(fontspec)             - 'bold' (b/n) with NFSS spec.:
(fontspec)             <->s*[1]"[OpenSans-Bold.ttf]:mode=node;script=latn;language=dflt;+tlig;+liga;+tnum;+onum;"
(fontspec)             - 'bold small caps'  (b/sc) with NFSS spec.: 
(fontspec)             - 'bold italic' (b/it) with NFSS spec.:
(fontspec)             <->s*[1]"[OpenSans-BoldItalic.ttf]:mode=node;script=latn;language=dflt;+tlig;+liga;+tnum;+onum;"
(fontspec)             - 'bold italic small caps'  (b/scit) with NFSS spec.: 
(fontspec)             - (bc/n) with NFSS spec.:
(fontspec)             <->s*[1]"[OpenSansCondensed-Bold.ttf]:mode=node;script=latn;language=dflt;+tlig;+liga;+tnum;+onum;"
(fontspec)             -  (bc/sc) with NFSS spec.: 
(fontspec)             - (eb/n) with NFSS spec.:
(fontspec)             <->s*[1]"[OpenSans-ExtraBold.ttf]:mode=node;script=latn;language=dflt;+tlig;+liga;+tnum;+onum;"
(fontspec)             -  (eb/sc) with NFSS spec.: 
(fontspec)             - (eb/it) with NFSS spec.:
(fontspec)             <->s*[1]"[OpenSans-ExtraBoldItalic.ttf]:mode=node;script=latn;language=dflt;+tlig;+liga;+tnum;+onum;"
(fontspec)             -  (eb/scit) with NFSS spec.: 
(fontspec)             - 'normal' (m/n) with NFSS spec.:
(fontspec)             <->s*[1]"[OpenSans-Regular.ttf]:mode=node;script=latn;language=dflt;+tlig;+liga;+tnum;+onum;"
(fontspec)             - 'small caps'  (m/sc) with NFSS spec.: 
(fontspec)             - 'italic' (m/it) with NFSS spec.:
(fontspec)             <->s*[1]"[OpenSans-Italic.ttf]:mode=node;script=latn;language=dflt;+tlig;+liga;+tnum;+onum;"
(fontspec)             - 'italic small caps'  (m/scit) with NFSS spec.: 

luaotfload | aux : font no 19 (nil) does not define feature smcp for script latn with language dflt
luaotfload | aux : font no 20 (nil) does not define feature smcp for script latn with language dflt
luaotfload | aux : font no 21 (nil) does not define feature smcp for script latn with language dflt
luaotfload | aux : font no 22 (nil) does not define feature smcp for script latn with language dflt
luaotfload | aux : font no 23 (nil) does not define feature smcp for script latn with language dflt
luaotfload | aux : font no 24 (nil) does not define feature smcp for script latn with language dflt
luaotfload | aux : font no 25 (nil) does not define feature smcp for script latn with language dflt
luaotfload | aux : font no 26 (nil) does not define feature smcp for script latn with language dflt
luaotfload | aux : font no 27 (nil) does not define feature smcp for script latn with language dflt
luaotfload | aux : font no 28 (nil) does not define feature smcp for script latn with language dflt
luaotfload | aux : font no 29 (nil) does not define feature smcp for script latn with language dflt
luaotfload | aux : font no 30 (nil) does not define feature smcp for script latn with language dflt
luaotfload | aux : font no 31 (nil) does not define feature smcp for script latn with language dflt

Package fontspec Info: Font family 'opensans-OsF' created for font 'OpenSans'
(fontspec)             with options
(fontspec)             [Extension=.ttf,Ligatures={TeX,Common},Scale=1,FontFace={l}{n}{*-Light},FontFace={l}{it}{*-LightItalic},FontFace={lc}{n}{*Condensed-Light},FontFace={lc}{it}{*Condensed-LightItalic},UprightFont={*-Regular},ItalicFont={*-Italic},FontFace={sb}{n}{*-SemiBold},FontFace={sb}{it}{*-SemiBoldItalic},FontFace={b}{n}{*-Bold},FontFace={b}{it}{*-BoldItalic},BoldFont={*-Bold},BoldItalicFont={*-BoldItalic},FontFace={bc}{n}{*Condensed-Bold},FontFace={eb}{n}{*-ExtraBold},FontFace={eb}{it}{*-ExtraBoldItalic},Numbers={Proportional,OldStyle},NFSSFamily=opensans-OsF].
(fontspec)              
(fontspec)              This font family consists of the following NFSS
(fontspec)             series/shapes:
(fontspec)              
(fontspec)             - (l/n) with NFSS spec.:
(fontspec)             <->s*[1]"[OpenSans-Light.ttf]:mode=node;script=latn;language=dflt;+tlig;+liga;+pnum;+onum;"
(fontspec)             -  (l/sc) with NFSS spec.: 
(fontspec)             - (l/it) with NFSS spec.:
(fontspec)             <->s*[1]"[OpenSans-LightItalic.ttf]:mode=node;script=latn;language=dflt;+tlig;+liga;+pnum;+onum;"
(fontspec)             -  (l/scit) with NFSS spec.: 
(fontspec)             - (lc/n) with NFSS spec.:
(fontspec)             <->s*[1]"[OpenSansCondensed-Light.ttf]:mode=node;script=latn;language=dflt;+tlig;+liga;+pnum;+onum;"
(fontspec)             -  (lc/sc) with NFSS spec.: 
(fontspec)             - (lc/it) with NFSS spec.:
(fontspec)             <->s*[1]"[OpenSansCondensed-LightItalic.ttf]:mode=node;script=latn;language=dflt;+tlig;+liga;+pnum;+onum;"
(fontspec)             -  (lc/scit) with NFSS spec.: 
(fontspec)             - (sb/n) with NFSS spec.:
(fontspec)             <->s*[1]"[OpenSans-SemiBold.ttf]:mode=node;script=latn;language=dflt;+tlig;+liga;+pnum;+onum;"
(fontspec)             -  (sb/sc) with NFSS spec.: 
(fontspec)             - (sb/it) with NFSS spec.:
(fontspec)             <->s*[1]"[OpenSans-SemiBoldItalic.ttf]:mode=node;script=latn;language=dflt;+tlig;+liga;+pnum;+onum;"
(fontspec)             -  (sb/scit) with NFSS spec.: 
(fontspec)             - 'bold' (b/n) with NFSS spec.:
(fontspec)             <->s*[1]"[OpenSans-Bold.ttf]:mode=node;script=latn;language=dflt;+tlig;+liga;+pnum;+onum;"
(fontspec)             - 'bold small caps'  (b/sc) with NFSS spec.: 
(fontspec)             - 'bold italic' (b/it) with NFSS spec.:
(fontspec)             <->s*[1]"[OpenSans-BoldItalic.ttf]:mode=node;script=latn;language=dflt;+tlig;+liga;+pnum;+onum;"
(fontspec)             - 'bold italic small caps'  (b/scit) with NFSS spec.: 
(fontspec)             - (bc/n) with NFSS spec.:
(fontspec)             <->s*[1]"[OpenSansCondensed-Bold.ttf]:mode=node;script=latn;language=dflt;+tlig;+liga;+pnum;+onum;"
(fontspec)             -  (bc/sc) with NFSS spec.: 
(fontspec)             - (eb/n) with NFSS spec.:
(fontspec)             <->s*[1]"[OpenSans-ExtraBold.ttf]:mode=node;script=latn;language=dflt;+tlig;+liga;+pnum;+onum;"
(fontspec)             -  (eb/sc) with NFSS spec.: 
(fontspec)             - (eb/it) with NFSS spec.:
(fontspec)             <->s*[1]"[OpenSans-ExtraBoldItalic.ttf]:mode=node;script=latn;language=dflt;+tlig;+liga;+pnum;+onum;"
(fontspec)             -  (eb/scit) with NFSS spec.: 
(fontspec)             - 'normal' (m/n) with NFSS spec.:
(fontspec)             <->s*[1]"[OpenSans-Regular.ttf]:mode=node;script=latn;language=dflt;+tlig;+liga;+pnum;+onum;"
(fontspec)             - 'small caps'  (m/sc) with NFSS spec.: 
(fontspec)             - 'italic' (m/it) with NFSS spec.:
(fontspec)             <->s*[1]"[OpenSans-Italic.ttf]:mode=node;script=latn;language=dflt;+tlig;+liga;+pnum;+onum;"
(fontspec)             - 'italic small caps'  (m/scit) with NFSS spec.: 

luaotfload | aux : font no 19 (nil) does not define feature smcp for script latn with language dflt
luaotfload | aux : font no 20 (nil) does not define feature smcp for script latn with language dflt
luaotfload | aux : font no 21 (nil) does not define feature smcp for script latn with language dflt
luaotfload | aux : font no 22 (nil) does not define feature smcp for script latn with language dflt
luaotfload | aux : font no 23 (nil) does not define feature smcp for script latn with language dflt
luaotfload | aux : font no 24 (nil) does not define feature smcp for script latn with language dflt
luaotfload | aux : font no 25 (nil) does not define feature smcp for script latn with language dflt
luaotfload | aux : font no 26 (nil) does not define feature smcp for script latn with language dflt
luaotfload | aux : font no 27 (nil) does not define feature smcp for script latn with language dflt
luaotfload | aux : font no 28 (nil) does not define feature smcp for script latn with language dflt
luaotfload | aux : font no 29 (nil) does not define feature smcp for script latn with language dflt
luaotfload | aux : font no 30 (nil) does not define feature smcp for script latn with language dflt
luaotfload | aux : font no 31 (nil) does not define feature smcp for script latn with language dflt

Package fontspec Info: Font family 'fos' created for font 'OpenSans' with
(fontspec)             options
(fontspec)             [Extension=.ttf,Ligatures={TeX,Common},Scale=1,FontFace={l}{n}{*-Light},FontFace={l}{it}{*-LightItalic},FontFace={lc}{n}{*Condensed-Light},FontFace={lc}{it}{*Condensed-LightItalic},UprightFont={*-Regular},ItalicFont={*-Italic},FontFace={sb}{n}{*-SemiBold},FontFace={sb}{it}{*-SemiBoldItalic},FontFace={b}{n}{*-Bold},FontFace={b}{it}{*-BoldItalic},BoldFont={*-Bold},BoldItalicFont={*-BoldItalic},FontFace={bc}{n}{*Condensed-Bold},FontFace={eb}{n}{*-ExtraBold},FontFace={eb}{it}{*-ExtraBoldItalic},Numbers={Monospaced,Lining},NFSSFamily=fos].
(fontspec)              
(fontspec)              This font family consists of the following NFSS
(fontspec)             series/shapes:
(fontspec)              
(fontspec)             - (l/n) with NFSS spec.:
(fontspec)             <->s*[1]"[OpenSans-Light.ttf]:mode=node;script=latn;language=dflt;+tlig;+liga;+tnum;+lnum;"
(fontspec)             -  (l/sc) with NFSS spec.: 
(fontspec)             - (l/it) with NFSS spec.:
(fontspec)             <->s*[1]"[OpenSans-LightItalic.ttf]:mode=node;script=latn;language=dflt;+tlig;+liga;+tnum;+lnum;"
(fontspec)             -  (l/scit) with NFSS spec.: 
(fontspec)             - (lc/n) with NFSS spec.:
(fontspec)             <->s*[1]"[OpenSansCondensed-Light.ttf]:mode=node;script=latn;language=dflt;+tlig;+liga;+tnum;+lnum;"
(fontspec)             -  (lc/sc) with NFSS spec.: 
(fontspec)             - (lc/it) with NFSS spec.:
(fontspec)             <->s*[1]"[OpenSansCondensed-LightItalic.ttf]:mode=node;script=latn;language=dflt;+tlig;+liga;+tnum;+lnum;"
(fontspec)             -  (lc/scit) with NFSS spec.: 
(fontspec)             - (sb/n) with NFSS spec.:
(fontspec)             <->s*[1]"[OpenSans-SemiBold.ttf]:mode=node;script=latn;language=dflt;+tlig;+liga;+tnum;+lnum;"
(fontspec)             -  (sb/sc) with NFSS spec.: 
(fontspec)             - (sb/it) with NFSS spec.:
(fontspec)             <->s*[1]"[OpenSans-SemiBoldItalic.ttf]:mode=node;script=latn;language=dflt;+tlig;+liga;+tnum;+lnum;"
(fontspec)             -  (sb/scit) with NFSS spec.: 
(fontspec)             - 'bold' (b/n) with NFSS spec.:
(fontspec)             <->s*[1]"[OpenSans-Bold.ttf]:mode=node;script=latn;language=dflt;+tlig;+liga;+tnum;+lnum;"
(fontspec)             - 'bold small caps'  (b/sc) with NFSS spec.: 
(fontspec)             - 'bold italic' (b/it) with NFSS spec.:
(fontspec)             <->s*[1]"[OpenSans-BoldItalic.ttf]:mode=node;script=latn;language=dflt;+tlig;+liga;+tnum;+lnum;"
(fontspec)             - 'bold italic small caps'  (b/scit) with NFSS spec.: 
(fontspec)             - (bc/n) with NFSS spec.:
(fontspec)             <->s*[1]"[OpenSansCondensed-Bold.ttf]:mode=node;script=latn;language=dflt;+tlig;+liga;+tnum;+lnum;"
(fontspec)             -  (bc/sc) with NFSS spec.: 
(fontspec)             - (eb/n) with NFSS spec.:
(fontspec)             <->s*[1]"[OpenSans-ExtraBold.ttf]:mode=node;script=latn;language=dflt;+tlig;+liga;+tnum;+lnum;"
(fontspec)             -  (eb/sc) with NFSS spec.: 
(fontspec)             - (eb/it) with NFSS spec.:
(fontspec)             <->s*[1]"[OpenSans-ExtraBoldItalic.ttf]:mode=node;script=latn;language=dflt;+tlig;+liga;+tnum;+lnum;"
(fontspec)             -  (eb/scit) with NFSS spec.: 
(fontspec)             - 'normal' (m/n) with NFSS spec.:
(fontspec)             <->s*[1]"[OpenSans-Regular.ttf]:mode=node;script=latn;language=dflt;+tlig;+liga;+tnum;+lnum;"
(fontspec)             - 'small caps'  (m/sc) with NFSS spec.: 
(fontspec)             - 'italic' (m/it) with NFSS spec.:
(fontspec)             <->s*[1]"[OpenSans-Italic.ttf]:mode=node;script=latn;language=dflt;+tlig;+liga;+tnum;+lnum;"
(fontspec)             - 'italic small caps'  (m/scit) with NFSS spec.: 

) (/usr/share/texmf-dist/tex/latex/amsfonts/amsfonts.sty
Package: amsfonts 2013/01/14 v3.01 Basic AMSFonts support
\@emptytoks=\toks18
\symAMSa=\mathgroup4
\symAMSb=\mathgroup5
LaTeX Font Info:    Redeclaring math symbol \hbar on input line 98.
LaTeX Font Info:    Overwriting math alphabet `\mathfrak' in version `bold'
(Font)                  U/euf/m/n --> U/euf/b/n on input line 106.
) (/usr/share/texmf-dist/tex/latex/montserrat/montserrat.sty
Package: montserrat 2019/11/07 v1.03
 `montserrat' v1.03, 2019/11/07 Style file for Montserrat and Alternates (msharpe) (/usr/share/texmf-dist/tex/latex/base/fontenc.sty
Package: fontenc 2021/04/29 v2.0v Standard LaTeX package
 (/usr/share/texmf-dist/tex/latex/ly1/ly1enc.def
File: ly1enc.def 2022/06/11 v0.8 TeX 'n ANSI encoding (DPC/KB)
)
LaTeX Font Info:    Trying to load font information for T1+lmr on input line 112.
 (/usr/share/texmf-dist/tex/latex/lm/t1lmr.fd
File: t1lmr.fd 2015/05/01 v1.6.1 Font defs for Latin Modern
)) (/usr/share/texmf-dist/tex/latex/base/textcomp.sty
Package: textcomp 2020/02/02 v2.0n Standard LaTeX package
)) (/usr/share/texmf-dist/tex/latex/amsmath/amsmath.sty
Package: amsmath 2022/04/08 v2.17n AMS math features
\@mathmargin=\skip50

For additional information on amsmath, use the `?' option.
(/usr/share/texmf-dist/tex/latex/amsmath/amstext.sty
Package: amstext 2021/08/26 v2.01 AMS text
 (/usr/share/texmf-dist/tex/latex/amsmath/amsgen.sty
File: amsgen.sty 1999/11/30 v2.0 generic functions
\@emptytoks=\toks19
\ex@=\dimen143
)) (/usr/share/texmf-dist/tex/latex/amsmath/amsbsy.sty
Package: amsbsy 1999/11/29 v1.2d Bold Symbols
\pmbraise@=\dimen144
) (/usr/share/texmf-dist/tex/latex/amsmath/amsopn.sty
Package: amsopn 2022/04/08 v2.04 operator names
)
\inf@bad=\count270
LaTeX Info: Redefining \frac on input line 236.
\uproot@=\count271
\leftroot@=\count272
LaTeX Info: Redefining \overline on input line 399.
LaTeX Info: Redefining \colon on input line 410.
\classnum@=\count273
\DOTSCASE@=\count274
LaTeX Info: Redefining \ldots on input line 496.
LaTeX Info: Redefining \dots on input line 499.
LaTeX Info: Redefining \cdots on input line 620.
\Mathstrutbox@=\box52
\strutbox@=\box53
LaTeX Info: Redefining \big on input line 722.
LaTeX Info: Redefining \Big on input line 723.
LaTeX Info: Redefining \bigg on input line 724.
LaTeX Info: Redefining \Bigg on input line 725.
\big@size=\dimen145
LaTeX Font Info:    Redeclaring font encoding OML on input line 743.
LaTeX Font Info:    Redeclaring font encoding OMS on input line 744.
\macc@depth=\count275
LaTeX Info: Redefining \bmod on input line 905.
LaTeX Info: Redefining \pmod on input line 910.
LaTeX Info: Redefining \smash on input line 940.
LaTeX Info: Redefining \relbar on input line 970.
LaTeX Info: Redefining \Relbar on input line 971.
\c@MaxMatrixCols=\count276
\dotsspace@=\muskip16
\c@parentequation=\count277
\dspbrk@lvl=\count278
\tag@help=\toks20
\row@=\count279
\column@=\count280
\maxfields@=\count281
\andhelp@=\toks21
\eqnshift@=\dimen146
\alignsep@=\dimen147
\tagshift@=\dimen148
\tagwidth@=\dimen149
\totwidth@=\dimen150
\lineht@=\dimen151
\@envbody=\toks22
\multlinegap=\skip51
\multlinetaggap=\skip52
\mathdisplay@stack=\toks23
LaTeX Info: Redefining \[ on input line 2953.
LaTeX Info: Redefining \] on input line 2954.
) (/usr/share/texmf-dist/tex/latex/unicode-math/unicode-math.sty
Package: unicode-math 2020/01/31 v0.8q Unicode maths in XeLaTeX and LuaLaTeX
 (/usr/share/texmf-dist/tex/latex/unicode-math/unicode-math-luatex.sty
Package: unicode-math-luatex 2020/01/31 v0.8q Unicode maths in XeLaTeX and LuaLaTeX
 (/usr/share/texmf-dist/tex/latex/l3packages/l3keys2e/l3keys2e.sty
Package: l3keys2e 2023-02-02 LaTeX2e option processing using LaTeX3 keys
) (/usr/share/texmf-dist/tex/latex/base/fix-cm.sty
Package: fix-cm 2020/11/24 v1.1t fixes to LaTeX
 (/usr/share/texmf-dist/tex/latex/base/ts1enc.def
File: ts1enc.def 2001/06/05 v3.0e (jk/car/fm) Standard LaTeX file
LaTeX Font Info:    Redeclaring font encoding TS1 on input line 47.
)) (/usr/share/texmf-dist/tex/lualatex/lualatex-math/lualatex-math.sty
Package: lualatex-math 2022/01/01 v1.12 Patches for mathematics typesetting with LuaLaTeX
 (/usr/share/texmf-dist/tex/latex/etoolbox/etoolbox.sty
Package: etoolbox 2020/10/05 v2.5k e-TeX tools for LaTeX (JAW)
\etb@tempcnta=\count282
)
Lua module: lualatex-math 2013/08/03 1.3 Patches for mathematics typesetting with LuaLaTeX)
\g__um_fam_int=\count283
\g__um_fonts_used_int=\count284
\l__um_primecount_int=\count285
\g__um_primekern_muskip=\muskip17
 (/usr/share/texmf-dist/tex/latex/unicode-math/unicode-math-table.tex)))
luaotfload | cache : Lookup cache loaded from /home/kiwi/.texlive/texmf-var/luatex-cache/generic/names/luaotfload-lookup-cache.luc.
luaotfload | aux : font no 30 (nil) does not define feature smcp for script latn with language dflt
luaotfload | aux : font no 25 (nil) does not define feature smcp for script latn with language dflt
luaotfload | aux : font no 31 (nil) does not define feature smcp for script latn with language dflt
luaotfload | aux : font no 26 (nil) does not define feature smcp for script latn with language dflt

Package fontspec Info: Font family 'opensans(0)' created for font 'opensans'
(fontspec)             with options [Ligatures=TeX].
(fontspec)              
(fontspec)              This font family consists of the following NFSS
(fontspec)             series/shapes:
(fontspec)              
(fontspec)             - 'normal' (m/n) with NFSS spec.:
(fontspec)             <->"opensans:mode=node;script=latn;language=dflt;+tlig;"
(fontspec)             - 'small caps'  (m/sc) with NFSS spec.: 
(fontspec)             - 'bold' (b/n) with NFSS spec.:
(fontspec)             <->"opensans/B:mode=node;script=latn;language=dflt;+tlig;"
(fontspec)             - 'bold small caps'  (b/sc) with NFSS spec.: 
(fontspec)             - 'italic' (m/it) with NFSS spec.:
(fontspec)             <->"opensans/I:mode=node;script=latn;language=dflt;+tlig;"
(fontspec)             - 'italic small caps'  (m/scit) with NFSS spec.: 
(fontspec)             - 'bold italic' (b/it) with NFSS spec.:
(fontspec)             <->"opensans/BI:mode=node;script=latn;language=dflt;+tlig;"
(fontspec)             - 'bold italic small caps'  (b/scit) with NFSS spec.: 

luaotfload | aux : font no 43 (nil) does not define feature smcp for script latn with language dflt
luaotfload | aux : font no 44 (nil) does not define feature smcp for script latn with language dflt
luaotfload | aux : font no 45 (nil) does not define feature smcp for script latn with language dflt
luaotfload | aux : font no 46 (nil) does not define feature smcp for script latn with language dflt

Package fontspec Info: Font family 'opensans(1)' created for font 'opensans'
(fontspec)             with options [Renderer=Basic].
(fontspec)              
(fontspec)              This font family consists of the following NFSS
(fontspec)             series/shapes:
(fontspec)              
(fontspec)             - 'normal' (m/n) with NFSS spec.:
(fontspec)             <->"opensans:mode=base;script=latn;language=dflt;"
(fontspec)             - 'small caps'  (m/sc) with NFSS spec.: 
(fontspec)             - 'bold' (b/n) with NFSS spec.:
(fontspec)             <->"opensans/B:mode=base;script=latn;language=dflt;"
(fontspec)             - 'bold small caps'  (b/sc) with NFSS spec.: 
(fontspec)             - 'italic' (m/it) with NFSS spec.:
(fontspec)             <->"opensans/I:mode=base;script=latn;language=dflt;"
(fontspec)             - 'italic small caps'  (m/scit) with NFSS spec.: 
(fontspec)             - 'bold italic' (b/it) with NFSS spec.:
(fontspec)             <->"opensans/BI:mode=base;script=latn;language=dflt;"
(fontspec)             - 'bold italic small caps'  (b/scit) with NFSS spec.: 

LaTeX Font Info:    Overwriting math alphabet `\mathrm' in version `normal'
(Font)                  OT1/cmr/m/n --> TU/opensans(1)/m/n on input line 12.
LaTeX Font Info:    Overwriting math alphabet `\mathit' in version `normal'
(Font)                  OT1/cmr/m/it --> TU/opensans(1)/m/it on input line 12.
LaTeX Font Info:    Overwriting math alphabet `\mathbf' in version `normal'
(Font)                  OT1/cmr/bx/n --> TU/opensans(1)/b/n on input line 12.

Package fontspec Info: Could not resolve font "FiraMath/B" (it probably
(fontspec)             doesn't exist).


Package fontspec Info: Font family 'FiraMath(0)' created for font 'Fira Math'
(fontspec)             with options
(fontspec)             [Renderer=Basic,BoldItalicFont={},ItalicFont={},SmallCapsFont={},Script=Math,FontAdjustment={\__um_luatex_copy_fontdimens:
(fontspec)             }].
(fontspec)              
(fontspec)              This font family consists of the following NFSS
(fontspec)             series/shapes:
(fontspec)              
(fontspec)             - 'normal' (m/n) with NFSS spec.:
(fontspec)             <->"FiraMath:mode=base;script=math;language=dflt;"
(fontspec)             - 'small caps'  (m/sc) with NFSS spec.: 
(fontspec)             and font adjustment code:
(fontspec)             \__um_luatex_copy_fontdimens: 


Package fontspec Info: Could not resolve font "FiraMath/B" (it probably
(fontspec)             doesn't exist).


Package fontspec Info: Font family 'FiraMath(1)' created for font 'Fira Math'
(fontspec)             with options
(fontspec)             [Renderer=Basic,BoldItalicFont={},ItalicFont={},SmallCapsFont={},Script=Math,SizeFeatures={{Size=9.417-},{Size=7.1175-9.417,Font=Fira
(fontspec)             Math,Style=MathScript},{Size=-7.1175,Font=Fira
(fontspec)             Math,Style=MathScriptScript}},FontAdjustment={\__um_luatex_copy_fontdimens:
(fontspec)             }].
(fontspec)              
(fontspec)              This font family consists of the following NFSS
(fontspec)             series/shapes:
(fontspec)              
(fontspec)             - 'normal' (m/n) with NFSS spec.:
(fontspec)             <9.417->"FiraMath:mode=base;script=math;language=dflt;"<7.1175-9.417>"FiraMath:mode=base;script=math;language=dflt;+ssty=0;"<-7.1175>"FiraMath:mode=base;script=math;language=dflt;+ssty=1;"
(fontspec)             - 'small caps'  (m/sc) with NFSS spec.: 
(fontspec)             and font adjustment code:
(fontspec)             \__um_luatex_copy_fontdimens: 

LaTeX Font Info:    Encoding `OT1' has changed to `TU' for symbol font
(Font)              `operators' in the math version `normal' on input line 13.
LaTeX Font Info:    Overwriting symbol font `operators' in version `normal'
(Font)                  OT1/cmr/m/n --> TU/FiraMath(1)/m/n on input line 13.
LaTeX Font Info:    Encoding `OT1' has changed to `TU' for symbol font
(Font)              `operators' in the math version `bold' on input line 13.
LaTeX Font Info:    Overwriting symbol font `operators' in version `bold'
(Font)                  OT1/cmr/bx/n --> TU/FiraMath(1)/b/n on input line 13.

Package fontspec Info: FiraMath scale = 1.0001.


Package fontspec Info: Could not resolve font "FiraMath/B" (it probably
(fontspec)             doesn't exist).


Package fontspec Info: FiraMath scale = 1.0001.


Package fontspec Info: FiraMath scale = 1.0001.


Package fontspec Info: FiraMath scale = 1.0001.


Package fontspec Info: Font family 'FiraMath(2)' created for font 'Fira Math'
(fontspec)             with options
(fontspec)             [Renderer=Basic,BoldItalicFont={},ItalicFont={},SmallCapsFont={},Script=Math,SizeFeatures={{Size=9.417-},{Size=7.1175-9.417,Font=Fira
(fontspec)             Math,Style=MathScript},{Size=-7.1175,Font=Fira
(fontspec)             Math,Style=MathScriptScript}},FontAdjustment={\__um_luatex_copy_fontdimens:
(fontspec)             },ScaleAgain=1.0001,FontAdjustment={\fontdimen 8\font
(fontspec)             =6.351pt\relax \fontdimen 9\font =4.92749pt\relax
(fontspec)             \fontdimen 10\font =4.92749pt\relax \fontdimen 11\font
(fontspec)             =7.665pt\relax \fontdimen 12\font =5.256pt\relax
(fontspec)             \fontdimen 13\font =4.37999pt\relax \fontdimen 14\font
(fontspec)             =4.37999pt\relax \fontdimen 15\font =2.9565pt\relax
(fontspec)             \fontdimen 16\font =3.83249pt\relax \fontdimen 17\font
(fontspec)             =3.83249pt\relax \fontdimen 18\font =3.94199pt\relax
(fontspec)             \fontdimen 19\font =2.73749pt\relax \fontdimen 22\font
(fontspec)             =3.066pt\relax \fontdimen 20\font =0pt\relax \fontdimen
(fontspec)             21\font =0pt\relax }].
(fontspec)              
(fontspec)              This font family consists of the following NFSS
(fontspec)             series/shapes:
(fontspec)              
(fontspec)             - 'normal' (m/n) with NFSS spec.:
(fontspec)             <9.417->s*[1.0001]"FiraMath:mode=base;script=math;language=dflt;"<7.1175-9.417>s*[1.0001]"FiraMath:mode=base;script=math;language=dflt;+ssty=0;"<-7.1175>s*[1.0001]"FiraMath:mode=base;script=math;language=dflt;+ssty=1;"
(fontspec)             - 'small caps'  (m/sc) with NFSS spec.: 
(fontspec)             and font adjustment code:
(fontspec)             \__um_luatex_copy_fontdimens: \fontdimen 8\font
(fontspec)             =6.351pt\relax \fontdimen 9\font =4.92749pt\relax
(fontspec)             \fontdimen 10\font =4.92749pt\relax \fontdimen 11\font
(fontspec)             =7.665pt\relax \fontdimen 12\font =5.256pt\relax
(fontspec)             \fontdimen 13\font =4.37999pt\relax \fontdimen 14\font
(fontspec)             =4.37999pt\relax \fontdimen 15\font =2.9565pt\relax
(fontspec)             \fontdimen 16\font =3.83249pt\relax \fontdimen 17\font
(fontspec)             =3.83249pt\relax \fontdimen 18\font =3.94199pt\relax
(fontspec)             \fontdimen 19\font =2.73749pt\relax \fontdimen 22\font
(fontspec)             =3.066pt\relax \fontdimen 20\font =0pt\relax \fontdimen
(fontspec)             21\font =0pt\relax 

LaTeX Font Info:    Encoding `OMS' has changed to `TU' for symbol font
(Font)              `symbols' in the math version `normal' on input line 13.
LaTeX Font Info:    Overwriting symbol font `symbols' in version `normal'
(Font)                  OMS/cmsy/m/n --> TU/FiraMath(2)/m/n on input line 13.
LaTeX Font Info:    Encoding `OMS' has changed to `TU' for symbol font
(Font)              `symbols' in the math version `bold' on input line 13.
LaTeX Font Info:    Overwriting symbol font `symbols' in version `bold'
(Font)                  OMS/cmsy/b/n --> TU/FiraMath(2)/b/n on input line 13.

Package fontspec Info: FiraMath scale = 0.9999.


Package fontspec Info: Could not resolve font "FiraMath/B" (it probably
(fontspec)             doesn't exist).


Package fontspec Info: FiraMath scale = 0.9999.


Package fontspec Info: FiraMath scale = 0.9999.


Package fontspec Info: FiraMath scale = 0.9999.


Package fontspec Info: Font family 'FiraMath(3)' created for font 'Fira Math'
(fontspec)             with options
(fontspec)             [Renderer=Basic,BoldItalicFont={},ItalicFont={},SmallCapsFont={},Script=Math,SizeFeatures={{Size=9.417-},{Size=7.1175-9.417,Font=Fira
(fontspec)             Math,Style=MathScript},{Size=-7.1175,Font=Fira
(fontspec)             Math,Style=MathScriptScript}},FontAdjustment={\__um_luatex_copy_fontdimens:
(fontspec)             },ScaleAgain=0.9999,FontAdjustment={\fontdimen 8\font
(fontspec)             =0.8322pt\relax \fontdimen 9\font =1.64249pt\relax
(fontspec)             \fontdimen 10\font =1.64249pt\relax \fontdimen 11\font
(fontspec)             =1.64249pt\relax \fontdimen 12\font =6.56999pt\relax
(fontspec)             \fontdimen 13\font =0pt\relax }].
(fontspec)              
(fontspec)              This font family consists of the following NFSS
(fontspec)             series/shapes:
(fontspec)              
(fontspec)             - 'normal' (m/n) with NFSS spec.:
(fontspec)             <9.417->s*[0.9999]"FiraMath:mode=base;script=math;language=dflt;"<7.1175-9.417>s*[0.9999]"FiraMath:mode=base;script=math;language=dflt;+ssty=0;"<-7.1175>s*[0.9999]"FiraMath:mode=base;script=math;language=dflt;+ssty=1;"
(fontspec)             - 'small caps'  (m/sc) with NFSS spec.: 
(fontspec)             and font adjustment code:
(fontspec)             \__um_luatex_copy_fontdimens: \fontdimen 8\font
(fontspec)             =0.8322pt\relax \fontdimen 9\font =1.64249pt\relax
(fontspec)             \fontdimen 10\font =1.64249pt\relax \fontdimen 11\font
(fontspec)             =1.64249pt\relax \fontdimen 12\font =6.56999pt\relax
(fontspec)             \fontdimen 13\font =0pt\relax 

LaTeX Font Info:    Encoding `OMX' has changed to `TU' for symbol font
(Font)              `largesymbols' in the math version `normal' on input line 13.
LaTeX Font Info:    Overwriting symbol font `largesymbols' in version `normal'
(Font)                  OMX/cmex/m/n --> TU/FiraMath(3)/m/n on input line 13.
LaTeX Font Info:    Encoding `OMX' has changed to `TU' for symbol font
(Font)              `largesymbols' in the math version `bold' on input line 13.
LaTeX Font Info:    Overwriting symbol font `largesymbols' in version `bold'
(Font)                  OMX/cmex/m/n --> TU/FiraMath(3)/b/n on input line 13.
LaTeX Font Info:    Font shape `TU/FiraMath(2)/m/n' will be
(Font)              scaled to size 10.95116pt on input line 13.
LaTeX Font Info:    Font shape `TU/FiraMath(2)/m/n' will be
(Font)              scaled to size 7.88484pt on input line 13.
LaTeX Font Info:    Font shape `TU/FiraMath(2)/m/n' will be
(Font)              scaled to size 6.35167pt on input line 13.
LaTeX Font Info:    Font shape `TU/FiraMath(3)/m/n' will be
(Font)              scaled to size 10.94882pt on input line 13.
LaTeX Font Info:    Font shape `TU/FiraMath(3)/m/n' will be
(Font)              scaled to size 7.88315pt on input line 13.
LaTeX Font Info:    Font shape `TU/FiraMath(3)/m/n' will be
(Font)              scaled to size 6.35031pt on input line 13.
LaTeX Font Info:    Trying to load font information for U+msa on input line 13.
 (/usr/share/texmf-dist/tex/latex/amsfonts/umsa.fd
File: umsa.fd 2013/01/14 v3.01 AMS symbols A
)
LaTeX Font Info:    Trying to load font information for U+msb on input line 13.
 (/usr/share/texmf-dist/tex/latex/amsfonts/umsb.fd
File: umsb.fd 2013/01/14 v3.01 AMS symbols B
)

Package fontspec Info: Could not resolve font "MontserratSemiBold/BI" (it
(fontspec)             probably doesn't exist).


Package fontspec Info: Could not resolve font "MontserratSemiBold/B" (it
(fontspec)             probably doesn't exist).


Package fontspec Info: Could not resolve font "MontserratSemiBold/I" (it
(fontspec)             probably doesn't exist).


Package fontspec Info: Font family 'MontserratSemiBold(0)' created for font
(fontspec)             'Montserrat SemiBold' with options [].
(fontspec)              
(fontspec)              This font family consists of the following NFSS
(fontspec)             series/shapes:
(fontspec)              
(fontspec)             - 'normal' (m/n) with NFSS spec.:
(fontspec)             <->"MontserratSemiBold:mode=node;script=latn;language=dflt;"
(fontspec)             - 'small caps'  (m/sc) with NFSS spec.:
(fontspec)             <->"MontserratSemiBold:mode=node;script=latn;language=dflt;+smcp;"


Package fontspec Info: Could not resolve font "MontserratBold/BI" (it probably
(fontspec)             doesn't exist).


Package fontspec Info: Could not resolve font "MontserratBold/B" (it probably
(fontspec)             doesn't exist).


Package fontspec Info: Could not resolve font "MontserratBold/I" (it probably
(fontspec)             doesn't exist).


Package fontspec Info: Font family 'MontserratBold(0)' created for font
(fontspec)             'Montserrat Bold' with options [].
(fontspec)              
(fontspec)              This font family consists of the following NFSS
(fontspec)             series/shapes:
(fontspec)              
(fontspec)             - 'normal' (m/n) with NFSS spec.:
(fontspec)             <->"MontserratBold:mode=node;script=latn;language=dflt;"
(fontspec)             - 'small caps'  (m/sc) with NFSS spec.:
(fontspec)             <->"MontserratBold:mode=node;script=latn;language=dflt;+smcp;"


Package fontspec Info: Could not resolve font "MontserratRegular/BI" (it
(fontspec)             probably doesn't exist).


Package fontspec Info: Could not resolve font "MontserratRegular/B" (it
(fontspec)             probably doesn't exist).


Package fontspec Info: Could not resolve font "MontserratRegular/I" (it
(fontspec)             probably doesn't exist).


Package fontspec Info: Font family 'MontserratRegular(0)' created for font
(fontspec)             'Montserrat Regular' with options [].
(fontspec)              
(fontspec)              This font family consists of the following NFSS
(fontspec)             series/shapes:
(fontspec)              
(fontspec)             - 'normal' (m/n) with NFSS spec.:
(fontspec)             <->"MontserratRegular:mode=node;script=latn;language=dflt;"
(fontspec)             - 'small caps'  (m/sc) with NFSS spec.:
(fontspec)             <->"MontserratRegular:mode=node;script=latn;language=dflt;+smcp;"


Package fontspec Info: Could not resolve font "MontserratLight/BI" (it
(fontspec)             probably doesn't exist).


Package fontspec Info: Could not resolve font "MontserratLight/B" (it probably
(fontspec)             doesn't exist).


Package fontspec Info: Could not resolve font "MontserratLight/I" (it probably
(fontspec)             doesn't exist).


Package fontspec Info: Font family 'MontserratLight(0)' created for font
(fontspec)             'Montserrat Light' with options [].
(fontspec)              
(fontspec)              This font family consists of the following NFSS
(fontspec)             series/shapes:
(fontspec)              
(fontspec)             - 'normal' (m/n) with NFSS spec.:
(fontspec)             <->"MontserratLight:mode=node;script=latn;language=dflt;"
(fontspec)             - 'small caps'  (m/sc) with NFSS spec.:
(fontspec)             <->"MontserratLight:mode=node;script=latn;language=dflt;+smcp;"

LaTeX Font Info:    Redeclaring math alphabet \mathcal on input line 18.
 (/usr/share/texmf-dist/tex/latex/hyperref/hyperref.sty
Package: hyperref 2023-02-07 v7.00v Hypertext links for LaTeX
 (/usr/share/texmf-dist/tex/generic/ltxcmds/ltxcmds.sty
Package: ltxcmds 2020-05-10 v1.25 LaTeX kernel commands for general use (HO)
) (/usr/share/texmf-dist/tex/generic/pdftexcmds/pdftexcmds.sty
Package: pdftexcmds 2020-06-27 v0.33 Utility functions of pdfTeX for LuaTeX (HO)
 (/usr/share/texmf-dist/tex/generic/infwarerr/infwarerr.sty
Package: infwarerr 2019/12/03 v1.5 Providing info/warning/error messages (HO)
)
Package pdftexcmds Info: \pdf@primitive is available.
Package pdftexcmds Info: \pdf@ifprimitive is available.
Package pdftexcmds Info: \pdfdraftmode found.
\pdftexcmds@toks=\toks24
) (/usr/share/texmf-dist/tex/latex/kvsetkeys/kvsetkeys.sty
Package: kvsetkeys 2022-10-05 v1.19 Key value parser (HO)
) (/usr/share/texmf-dist/tex/generic/kvdefinekeys/kvdefinekeys.sty
Package: kvdefinekeys 2019-12-19 v1.6 Define keys (HO)
) (/usr/share/texmf-dist/tex/generic/pdfescape/pdfescape.sty
Package: pdfescape 2019/12/09 v1.15 Implements pdfTeX's escape features (HO)
) (/usr/share/texmf-dist/tex/latex/hycolor/hycolor.sty
Package: hycolor 2020-01-27 v1.10 Color options for hyperref/bookmark (HO)
) (/usr/share/texmf-dist/tex/latex/letltxmacro/letltxmacro.sty
Package: letltxmacro 2019/12/03 v1.6 Let assignment for LaTeX macros (HO)
) (/usr/share/texmf-dist/tex/latex/auxhook/auxhook.sty
Package: auxhook 2019-12-17 v1.6 Hooks for auxiliary files (HO)
) (/usr/share/texmf-dist/tex/latex/hyperref/nameref.sty
Package: nameref 2022-05-17 v2.50 Cross-referencing by name of section
 (/usr/share/texmf-dist/tex/latex/refcount/refcount.sty
Package: refcount 2019/12/15 v3.6 Data extraction from label references (HO)
) (/usr/share/texmf-dist/tex/generic/gettitlestring/gettitlestring.sty
Package: gettitlestring 2019/12/15 v1.6 Cleanup title references (HO)
 (/usr/share/texmf-dist/tex/latex/kvoptions/kvoptions.sty
Package: kvoptions 2022-06-15 v3.15 Key value format for package options (HO)
))
\c@section@level=\count286
)
\@linkdim=\dimen152
\Hy@linkcounter=\count287
\Hy@pagecounter=\count288
 (/usr/share/texmf-dist/tex/latex/hyperref/pd1enc.def
File: pd1enc.def 2023-02-07 v7.00v Hyperref: PDFDocEncoding definition (HO)
) (/usr/share/texmf-dist/tex/generic/intcalc/intcalc.sty
Package: intcalc 2019/12/15 v1.3 Expandable calculations with integers (HO)
) (/usr/share/texmf-dist/tex/generic/etexcmds/etexcmds.sty
Package: etexcmds 2019/12/15 v1.7 Avoid name clashes with e-TeX commands (HO)
)
\Hy@SavedSpaceFactor=\count289
 (/usr/share/texmf-dist/tex/latex/hyperref/puenc.def
File: puenc.def 2023-02-07 v7.00v Hyperref: PDF Unicode definition (HO)
)
Package hyperref Info: Hyper figures OFF on input line 4177.
Package hyperref Info: Link nesting OFF on input line 4182.
Package hyperref Info: Hyper index ON on input line 4185.
Package hyperref Info: Plain pages OFF on input line 4192.
Package hyperref Info: Backreferencing OFF on input line 4197.
Package hyperref Info: Implicit mode ON; LaTeX internals redefined.
Package hyperref Info: Bookmarks ON on input line 4425.
\c@Hy@tempcnt=\count290
 (/usr/share/texmf-dist/tex/latex/url/url.sty
\Urlmuskip=\muskip18
Package: url 2013/09/16  ver 3.4  Verb mode for urls, etc.
)
LaTeX Info: Redefining \url on input line 4763.
\XeTeXLinkMargin=\dimen153
 (/usr/share/texmf-dist/tex/generic/bitset/bitset.sty
Package: bitset 2019/12/09 v1.3 Handle bit-vector datatype (HO)
 (/usr/share/texmf-dist/tex/generic/bigintcalc/bigintcalc.sty
Package: bigintcalc 2019/12/15 v1.5 Expandable calculations on big integers (HO)
))
\Fld@menulength=\count291
\Field@Width=\dimen154
\Fld@charsize=\dimen155
Package hyperref Info: Hyper figures OFF on input line 6042.
Package hyperref Info: Link nesting OFF on input line 6047.
Package hyperref Info: Hyper index ON on input line 6050.
Package hyperref Info: backreferencing OFF on input line 6057.
Package hyperref Info: Link coloring OFF on input line 6062.
Package hyperref Info: Link coloring with OCG OFF on input line 6067.
Package hyperref Info: PDF/A mode OFF on input line 6072.
 (/usr/share/texmf-dist/tex/latex/base/atbegshi-ltx.sty
Package: atbegshi-ltx 2021/01/10 v1.0c Emulation of the original atbegshi
package with kernel methods
)
\Hy@abspage=\count292
\c@Item=\count293
\c@Hfootnote=\count294
)
Package hyperref Info: Driver (autodetected): hluatex.
 (/usr/share/texmf-dist/tex/latex/hyperref/hluatex.def
File: hluatex.def 2023-02-07 v7.00v Hyperref driver for luaTeX
 (/usr/share/texmf-dist/tex/generic/stringenc/stringenc.sty
Package: stringenc 2019/11/29 v1.12 Convert strings between diff. encodings (HO)
) (/usr/share/texmf-dist/tex/latex/base/atveryend-ltx.sty
Package: atveryend-ltx 2020/08/19 v1.0a Emulation of the original atveryend package
with kernel methods
)
\Fld@listcount=\count295
\c@bookmark@seq@number=\count296
 (/usr/share/texmf-dist/tex/latex/rerunfilecheck/rerunfilecheck.sty
Package: rerunfilecheck 2022-07-10 v1.10 Rerun checks for auxiliary files (HO)
 (/usr/share/texmf-dist/tex/generic/uniquecounter/uniquecounter.sty
Package: uniquecounter 2019/12/15 v1.4 Provide unlimited unique counter (HO)
)
Package uniquecounter Info: New unique counter `rerunfilecheck' on input line 285.
)
\Hy@SectionHShift=\skip53
) (/usr/share/texmf-dist/tex/latex/float/float.sty
Package: float 2001/11/08 v1.3d Float enhancements (AL)
\c@float@type=\count297
\float@exts=\toks25
\float@box=\box54
\@float@everytoks=\toks26
\@floatcapt=\box55
) (/usr/share/texmf-dist/tex/latex/caption/caption.sty
Package: caption 2023/03/12 v3.6j Customizing captions (AR)
 (/usr/share/texmf-dist/tex/latex/caption/caption3.sty
Package: caption3 2023/03/12 v2.4 caption3 kernel (AR)
\caption@tempdima=\dimen156
\captionmargin=\dimen157
\caption@leftmargin=\dimen158
\caption@rightmargin=\dimen159
\caption@width=\dimen160
\caption@indent=\dimen161
\caption@parindent=\dimen162
\caption@hangindent=\dimen163
Package caption Info: Standard document class detected.
)
\c@caption@flags=\count298
\c@continuedfloat=\count299
Package caption Info: float package is loaded.
Package caption Info: hyperref package is loaded.
) (/usr/share/texmf-dist/tex/latex/caption/subcaption.sty
Package: subcaption 2023/02/19 v1.6 Sub-captions (AR)
Package caption Info: New subtype `subfigure' on input line 239.
\c@subfigure=\count300
Package caption Info: New subtype `subtable' on input line 239.
\c@subtable=\count301
) (/usr/share/texmf-dist/tex/latex/koma-script/scrextend.sty
Package: scrextend 2022/10/12 v3.38 KOMA-Script package (extend other classes with features of KOMA-Script classes)
 (/usr/share/texmf-dist/tex/latex/koma-script/scrkbase.sty
Package: scrkbase 2022/10/12 v3.38 KOMA-Script package (KOMA-Script-dependent basics and keyval usage)
 (/usr/share/texmf-dist/tex/latex/koma-script/scrbase.sty
Package: scrbase 2022/10/12 v3.38 KOMA-Script package (KOMA-Script-independent basics and keyval usage)
 (/usr/share/texmf-dist/tex/latex/koma-script/scrlfile.sty
Package: scrlfile 2022/10/12 v3.38 KOMA-Script package (file load hooks)
 (/usr/share/texmf-dist/tex/latex/koma-script/scrlfile-hook.sty
Package: scrlfile-hook 2022/10/12 v3.38 KOMA-Script package (using LaTeX hooks)
 (/usr/share/texmf-dist/tex/latex/koma-script/scrlogo.sty
Package: scrlogo 2022/10/12 v3.38 KOMA-Script package (logo)
)))
Applying: [2021/05/01] Usage of raw or classic option list on input line 252.
Already applied: [0000/00/00] Usage of raw or classic option list on input line 368.
))

LaTeX Warning: Command \@footnotemark  has changed.
               Check if current package is valid.

) (/usr/share/texmf-dist/tex/latex/booktabs/booktabs.sty
Package: booktabs 2020/01/12 v1.61803398 Publication quality tables
\heavyrulewidth=\dimen164
\lightrulewidth=\dimen165
\cmidrulewidth=\dimen166
\belowrulesep=\dimen167
\belowbottomsep=\dimen168
\aboverulesep=\dimen169
\abovetopsep=\dimen170
\cmidrulesep=\dimen171
\cmidrulekern=\dimen172
\defaultaddspace=\dimen173
\@cmidla=\count302
\@cmidlb=\count303
\@aboverulesep=\dimen174
\@belowrulesep=\dimen175
\@thisruleclass=\count304
\@lastruleclass=\count305
\@thisrulewidth=\dimen176
) (/usr/share/texmf-dist/tex/latex/xcolor/xcolor.sty
Package: xcolor 2022/06/12 v2.14 LaTeX color extensions (UK)
 (/usr/share/texmf-dist/tex/latex/graphics-cfg/color.cfg
File: color.cfg 2016/01/02 v1.6 sample color configuration
)
Package xcolor Info: Driver file: luatex.def on input line 227.
 (/usr/share/texmf-dist/tex/latex/graphics-def/luatex.def
File: luatex.def 2022/09/22 v1.2d Graphics/color driver for luatex
) (/usr/share/texmf-dist/tex/latex/colortbl/colortbl.sty
Package: colortbl 2022/06/20 v1.0f Color table columns (DPC)
 (/usr/share/texmf-dist/tex/latex/tools/array.sty
Package: array 2022/09/04 v2.5g Tabular extension package (FMi)
\col@sep=\dimen177
\ar@mcellbox=\box56
\extrarowheight=\dimen178
\NC@list=\toks27
\extratabsurround=\skip54
\backup@length=\skip55
\ar@cellbox=\box57
)
\everycr=\toks28
\minrowclearance=\skip56
\rownum=\count306
) (/usr/share/texmf-dist/tex/latex/graphics/mathcolor.ltx)
Package xcolor Info: Model `cmy' substituted by `cmy0' on input line 1353.
Package xcolor Info: Model `hsb' substituted by `rgb' on input line 1357.
Package xcolor Info: Model `RGB' extended on input line 1369.
Package xcolor Info: Model `HTML' substituted by `rgb' on input line 1371.
Package xcolor Info: Model `Hsb' substituted by `hsb' on input line 1372.
Package xcolor Info: Model `tHsb' substituted by `hsb' on input line 1373.
Package xcolor Info: Model `HSB' substituted by `hsb' on input line 1374.
Package xcolor Info: Model `Gray' substituted by `gray' on input line 1375.
Package xcolor Info: Model `wave' substituted by `hsb' on input line 1376.
) (/usr/share/texmf-dist/tex/latex/enumitem/enumitem.sty
Package: enumitem 2019/06/20 v3.9 Customized lists
\enitkv@toks@=\toks29
\labelindent=\skip57
\enit@outerparindent=\dimen179
\enit@toks=\toks30
\enit@inbox=\box58
\enit@count@id=\count307
\enitdp@description=\count308
) (/usr/share/texmf-dist/tex/latex/titlesec/titlesec.sty
Package: titlesec 2021/07/05 v2.14 Sectioning titles
\ttl@box=\box59
\beforetitleunit=\skip58
\aftertitleunit=\skip59
\ttl@plus=\dimen180
\ttl@minus=\dimen181
\ttl@toksa=\toks31
\titlewidth=\dimen182
\titlewidthlast=\dimen183
\titlewidthfirst=\dimen184
) (/usr/share/texmf-dist/tex/latex/matlab-prettifier/matlab-prettifier.sty
Package: matlab-prettifier 2014/06/19 v0.3 A package for prettyprinting Matlab source code
 (/usr/share/texmf-dist/tex/latex/listings/listings.sty
\lst@mode=\count309
\lst@gtempboxa=\box60
\lst@token=\toks32
\lst@length=\count310
\lst@currlwidth=\dimen185
\lst@column=\count311
\lst@pos=\count312
\lst@lostspace=\dimen186
\lst@width=\dimen187
\lst@newlines=\count313
\lst@lineno=\count314
\lst@maxwidth=\dimen188
 (/usr/share/texmf-dist/tex/latex/listings/lstmisc.sty
File: lstmisc.sty 2023/02/27 1.9 (Carsten Heinz)
\c@lstnumber=\count315
\lst@skipnumbers=\count316
\lst@framebox=\box61
) (/usr/share/texmf-dist/tex/latex/listings/listings.cfg
File: listings.cfg 2023/02/27 1.9 listings configuration
))
Package: listings 2023/02/27 1.9 (Carsten Heinz)
\netBracketCount@mlpr=\count317
\blkLvl@mlpr=\count318
\blkLvlAtClassdef@mlpr=\count319
\emHeight@mlpr=\skip60
\jayDepth@mlpr=\skip61
\sectionRuleOffset@mlpr=\skip62
\toks@mlpr=\toks33
) (/usr/share/texmf-dist/tex/latex/graphics/graphicx.sty
Package: graphicx 2021/09/16 v1.2d Enhanced LaTeX Graphics (DPC,SPQR)
 (/usr/share/texmf-dist/tex/latex/graphics/graphics.sty
Package: graphics 2022/03/10 v1.4e Standard LaTeX Graphics (DPC,SPQR)
 (/usr/share/texmf-dist/tex/latex/graphics/trig.sty
Package: trig 2021/08/11 v1.11 sin cos tan (DPC)
) (/usr/share/texmf-dist/tex/latex/graphics-cfg/graphics.cfg
File: graphics.cfg 2016/06/04 v1.11 sample graphics configuration
)
Package graphics Info: Driver file: luatex.def on input line 107.
)
\Gin@req@height=\dimen189
\Gin@req@width=\dimen190
) (/usr/share/texmf-dist/tex/latex/mdframed/mdframed.sty
Package: mdframed 2013/07/01 1.9b: mdframed
 (/usr/share/texmf-dist/tex/latex/zref/zref-abspage.sty
Package: zref-abspage 2022-04-07 v2.34 Module abspage for zref (HO)
 (/usr/share/texmf-dist/tex/latex/zref/zref-base.sty
Package: zref-base 2022-04-07 v2.34 Module base for zref (HO)
Package zref Info: New property list: main on input line 767.
Package zref Info: New property: default on input line 768.
Package zref Info: New property: page on input line 769.
)
\c@abspage=\count320
Package zref Info: New property: abspage on input line 65.
) (/usr/share/texmf-dist/tex/latex/needspace/needspace.sty
Package: needspace 2010/09/12 v1.3d reserve vertical space
)
\mdf@templength=\skip63
\c@mdf@globalstyle@cnt=\count321
\mdf@skipabove@length=\skip64
\mdf@skipbelow@length=\skip65
\mdf@leftmargin@length=\skip66
\mdf@rightmargin@length=\skip67
\mdf@innerleftmargin@length=\skip68
\mdf@innerrightmargin@length=\skip69
\mdf@innertopmargin@length=\skip70
\mdf@innerbottommargin@length=\skip71
\mdf@splittopskip@length=\skip72
\mdf@splitbottomskip@length=\skip73
\mdf@outermargin@length=\skip74
\mdf@innermargin@length=\skip75
\mdf@linewidth@length=\skip76
\mdf@innerlinewidth@length=\skip77
\mdf@middlelinewidth@length=\skip78
\mdf@outerlinewidth@length=\skip79
\mdf@roundcorner@length=\skip80
\mdf@footenotedistance@length=\skip81
\mdf@userdefinedwidth@length=\skip82
\mdf@needspace@length=\skip83
\mdf@frametitleaboveskip@length=\skip84
\mdf@frametitlebelowskip@length=\skip85
\mdf@frametitlerulewidth@length=\skip86
\mdf@frametitleleftmargin@length=\skip87
\mdf@frametitlerightmargin@length=\skip88
\mdf@shadowsize@length=\skip89
\mdf@extratopheight@length=\skip90
\mdf@subtitleabovelinewidth@length=\skip91
\mdf@subtitlebelowlinewidth@length=\skip92
\mdf@subtitleaboveskip@length=\skip93
\mdf@subtitlebelowskip@length=\skip94
\mdf@subtitleinneraboveskip@length=\skip95
\mdf@subtitleinnerbelowskip@length=\skip96
\mdf@subsubtitleabovelinewidth@length=\skip97
\mdf@subsubtitlebelowlinewidth@length=\skip98
\mdf@subsubtitleaboveskip@length=\skip99
\mdf@subsubtitlebelowskip@length=\skip100
\mdf@subsubtitleinneraboveskip@length=\skip101
\mdf@subsubtitleinnerbelowskip@length=\skip102
 (/usr/share/texmf-dist/tex/latex/mdframed/md-frame-0.mdf
File: md-frame-0.mdf 2013/07/01\ 1.9b: md-frame-0
)
\mdf@frametitlebox=\box62
\mdf@footnotebox=\box63
\mdf@splitbox@one=\box64
\mdf@splitbox@two=\box65
\mdf@splitbox@save=\box66
\mdfsplitboxwidth=\skip103
\mdfsplitboxtotalwidth=\skip104
\mdfsplitboxheight=\skip105
\mdfsplitboxdepth=\skip106
\mdfsplitboxtotalheight=\skip107
\mdfframetitleboxwidth=\skip108
\mdfframetitleboxtotalwidth=\skip109
\mdfframetitleboxheight=\skip110
\mdfframetitleboxdepth=\skip111
\mdfframetitleboxtotalheight=\skip112
\mdffootnoteboxwidth=\skip113
\mdffootnoteboxtotalwidth=\skip114
\mdffootnoteboxheight=\skip115
\mdffootnoteboxdepth=\skip116
\mdffootnoteboxtotalheight=\skip117
\mdftotallinewidth=\skip118
\mdfboundingboxwidth=\skip119
\mdfboundingboxtotalwidth=\skip120
\mdfboundingboxheight=\skip121
\mdfboundingboxdepth=\skip122
\mdfboundingboxtotalheight=\skip123
\mdf@freevspace@length=\skip124
\mdf@horizontalwidthofbox@length=\skip125
\mdf@verticalmarginwhole@length=\skip126
\mdf@horizontalspaceofbox=\skip127
\mdfsubtitleheight=\skip128
\mdfsubsubtitleheight=\skip129
\c@mdfcountframes=\count322

****** mdframed patching \endmdf@trivlist

****** -- success******

\mdf@envdepth=\count323
\c@mdf@env@i=\count324
\c@mdf@env@ii=\count325
\c@mdf@zref@counter=\count326
Package zref Info: New property: mdf@pagevalue on input line 895.
) (./out/m340a1.aux)
\openout1 = m340a1.aux

LaTeX Font Info:    Checking defaults for OML/cmm/m/it on input line 106.
LaTeX Font Info:    ... okay on input line 106.
LaTeX Font Info:    Checking defaults for OMS/cmsy/m/n on input line 106.
LaTeX Font Info:    ... okay on input line 106.
LaTeX Font Info:    Checking defaults for OT1/cmr/m/n on input line 106.
LaTeX Font Info:    ... okay on input line 106.
LaTeX Font Info:    Checking defaults for T1/cmr/m/n on input line 106.
LaTeX Font Info:    ... okay on input line 106.
LaTeX Font Info:    Checking defaults for TS1/cmr/m/n on input line 106.
LaTeX Font Info:    ... okay on input line 106.
LaTeX Font Info:    Checking defaults for TU/lmr/m/n on input line 106.
LaTeX Font Info:    ... okay on input line 106.
LaTeX Font Info:    Checking defaults for OMX/cmex/m/n on input line 106.
LaTeX Font Info:    ... okay on input line 106.
LaTeX Font Info:    Checking defaults for U/cmr/m/n on input line 106.
LaTeX Font Info:    ... okay on input line 106.
LaTeX Font Info:    Checking defaults for LY1/ptm/m/n on input line 106.
LaTeX Font Info:    Trying to load font information for LY1+ptm on input line 106.
 (/usr/share/texmf-dist/tex/latex/ly1/ly1ptm.fd
File: ly1ptm.fd 2001/02/01 font definitions for LY1/ptm using Berry names.
)
LaTeX Font Info:    ... okay on input line 106.
LaTeX Font Info:    Checking defaults for PD1/pdf/m/n on input line 106.
LaTeX Font Info:    ... okay on input line 106.
LaTeX Font Info:    Checking defaults for PU/pdf/m/n on input line 106.
LaTeX Font Info:    ... okay on input line 106.
\c@mv@tabular=\count327
\c@mv@boldtabular=\count328
LaTeX Font Info:    Overwriting math alphabet `\mathsf' in version `normal'
(Font)                  OT1/cmss/m/n --> TU/Montserrat-LF/m/n on input line 106.
LaTeX Font Info:    Overwriting math alphabet `\mathsf' in version `bold'
(Font)                  OT1/cmss/bx/n --> TU/Montserrat-LF/b/n on input line 106.
LaTeX Font Info:    Overwriting math alphabet `\mathtt' in version `normal'
(Font)                  OT1/cmtt/m/n --> TU/lmtt/m/n on input line 106.
LaTeX Font Info:    Overwriting math alphabet `\mathtt' in version `bold'
(Font)                  OT1/cmtt/m/n --> TU/lmtt/b/n on input line 106.
Package hyperref Info: Link coloring OFF on input line 106.
 (./out/m340a1.out) (./out/m340a1.out)
\@outlinefile=\write3

\openout3 = m340a1.out
Package caption Info: Begin \AtBeginDocument code.
Package caption Info: listings package is loaded.
Package caption Info: scrextend package is loaded.
\caption@addmargin@hsize=\dimen191
\caption@addmargin@linewidth=\dimen192
Package caption Info: End \AtBeginDocument code.
 (/usr/share/texmf-dist/tex/context/base/mkii/supp-pdf.mkii
[Loading MPS to PDF converter (version 2006.09.02).]
\scratchcounter=\count329
\scratchdimen=\dimen193
\scratchbox=\box67
\nofMPsegments=\count330
\nofMParguments=\count331
\everyMPshowfont=\toks34
\MPscratchCnt=\count332
\MPscratchDim=\dimen194
\MPnumerator=\count333
\makeMPintoPDFobject=\count334
\everyMPtoPDFconversion=\toks35
) (/usr/share/texmf-dist/tex/latex/epstopdf-pkg/epstopdf-base.sty
Package: epstopdf-base 2020-01-24 v2.11 Base part for package epstopdf
Package epstopdf-base Info: Redefining graphics rule for `.eps' on input line 485.
 (/usr/share/texmf-dist/tex/latex/latexconfig/epstopdf-sys.cfg
File: epstopdf-sys.cfg 2010/07/13 v1.3 Configuration of (r)epstopdf for TeX Live
))
\c@lstlisting=\count335

Underfull \hbox (badness 10000) detected at line 107
 [] 
 []

Package epstopdf Info: Source file: <images/graph.eps>
(epstopdf)                    date: 2023-08-01 21:18:20
(epstopdf)                    size: 234505 bytes
(epstopdf)             Output file: <images/graph-eps-converted-to.pdf>
(epstopdf)                    date: 2023-08-01 21:18:52
(epstopdf)                    size: 653258 bytes
(epstopdf)             Command: <repstopdf --outfile=images/graph-eps-converted-to.pdf images/graph.eps>
(epstopdf)             \includegraphics on input line 152.
Package epstopdf Info: Output file is already uptodate.
<images/graph-eps-converted-to.pdf, id=5, 721.69624pt x 750.805pt>
File: images/graph-eps-converted-to.pdf Graphic file (type pdf)
<use images/graph-eps-converted-to.pdf>
Package luatex.def Info: images/graph-eps-converted-to.pdf  used on input line 152.
(luatex.def)             Requested size: 318.43315pt x 331.27173pt.
[1

{/var/lib/texmf/fonts/map/pdftex/updmap/pdftex.map}] [2<./images/graph-eps-converted-to.pdf>] [3] [4] (./out/m340a1.aux)
Package rerunfilecheck Info: File `m340a1.out' has not changed.
(rerunfilecheck)             Checksum: D41D8CD98F00B204E9800998ECF8427E;0.
)

Here is how much of LuaTeX's memory you used:
 23799 strings out of 478285
 381542,1977958 words of node,token memory allocated
 835 words of node memory still in use:
   7 hlist, 2 vlist, 2 rule, 2 glue, 4 kern, 1 glyph, 34 attribute, 98 glue_spec, 34 attribute_list, 1 write nodes
   avail lists: 2:3211,3:433,4:2445,5:8204,6:104,7:13822,8:88,9:16648,10:44,11:1002
 43169 multiletter control sequences out of 65536+600000
 93 fonts using 17234911 bytes
 108i,21n,126p,484b,1128s stack positions out of 10000i,1000n,20000p,200000b,200000s
</usr/share/texmf-dist/fonts/opentype/public/firamath/FiraMath-Regular.otf></usr/share/texmf-dist/fonts/opentype/public/lm/lmmono10-regular.otf></usr/share/texmf-dist/fonts/opentype/public/firamath/FiraMath-Regular.otf></usr/share/texmf-dist/fonts/opentype/public/firamath/FiraMath-Regular.otf></usr/share/texmf-dist/fonts/truetype/ascender/opensans/OpenSans-Regular.ttf></usr/share/texmf-dist/fonts/opentype/public/montserrat/Montserrat-SemiBold.otf></usr/share/texmf-dist/fonts/opentype/public/montserrat/Montserrat-Bold.otf></usr/share/texmf-dist/fonts/opentype/public/montserrat/Montserrat-Light.otf>
Output written on m340a1.pdf (4 pages, 700821 bytes).

PDF statistics: 121 PDF objects out of 1000 (max. 8388607)
 83 compressed objects within 1 object stream
 33 named destinations out of 1000 (max. 131072)
 1 words of extra memory for PDF output out of 10000 (max. 100000000)

